Mplus VERSION 7.31 (Mac)
MUTHEN & MUTHEN
05/12/2016   4:14 PM

INPUT INSTRUCTIONS


  TITLE: Confirmatory Factor Analysis
  DATA:   FILE = "../../lca_cfa_example.dat";
  VARIABLE: NAMES = u1-u6; MISSING=.;
  	  CATEGORICAL = u1-u6;


  ANALYSIS:
    TYPE=GENERAL; ESTIMATOR=MLR;

  MODEL:
      factor BY u1-u6;

  OUTPUT: TECH1 TECH8 ;
  PLOT: TYPE=PLOT3;



INPUT READING TERMINATED NORMALLY



Confirmatory Factor Analysis

SUMMARY OF ANALYSIS

Number of groups                                                 1
Number of observations                                        1000

Number of dependent variables                                    6
Number of independent variables                                  0
Number of continuous latent variables                            1

Observed dependent variables

  Binary and ordered categorical (ordinal)
   U1          U2          U3          U4          U5          U6

Continuous latent variables
   FACTOR


Estimator                                                      MLR
Information matrix                                        OBSERVED
Optimization Specifications for the Quasi-Newton Algorithm for
Continuous Outcomes
  Maximum number of iterations                                 100
  Convergence criterion                                  0.100D-05
Optimization Specifications for the EM Algorithm
  Maximum number of iterations                                 500
  Convergence criteria
    Loglikelihood change                                 0.100D-02
    Relative loglikelihood change                        0.100D-05
    Derivative                                           0.100D-02
Optimization Specifications for the M step of the EM Algorithm for
Categorical Latent variables
  Number of M step iterations                                    1
  M step convergence criterion                           0.100D-02
  Basis for M step termination                           ITERATION
Optimization Specifications for the M step of the EM Algorithm for
Censored, Binary or Ordered Categorical (Ordinal), Unordered
Categorical (Nominal) and Count Outcomes
  Number of M step iterations                                    1
  M step convergence criterion                           0.100D-02
  Basis for M step termination                           ITERATION
  Maximum value for logit thresholds                            15
  Minimum value for logit thresholds                           -15
  Minimum expected cell size for chi-square              0.100D-01
Maximum number of iterations for H1                           2000
Convergence criterion for H1                             0.100D-03
Optimization algorithm                                         EMA
Integration Specifications
  Type                                                    STANDARD
  Number of integration points                                  15
  Dimensions of numerical integration                            1
  Adaptive quadrature                                           ON
Link                                                         LOGIT
Cholesky                                                        ON

Input data file(s)
  ../../lca_cfa_example.dat
Input data format  FREE


SUMMARY OF DATA

     Number of missing data patterns             1


COVARIANCE COVERAGE OF DATA

Minimum covariance coverage value   0.100


UNIVARIATE PROPORTIONS AND COUNTS FOR CATEGORICAL VARIABLES

    U1
      Category 1    0.498          498.000
      Category 2    0.502          502.000
    U2
      Category 1    0.496          496.000
      Category 2    0.504          504.000
    U3
      Category 1    0.505          505.000
      Category 2    0.495          495.000
    U4
      Category 1    0.509          509.000
      Category 2    0.491          491.000
    U5
      Category 1    0.494          494.000
      Category 2    0.506          506.000
    U6
      Category 1    0.474          474.000
      Category 2    0.526          526.000



THE MODEL ESTIMATION TERMINATED NORMALLY



MODEL FIT INFORMATION

Number of Free Parameters                       12

Loglikelihood

          H0 Value                       -3610.870
          H0 Scaling Correction Factor      1.0309
            for MLR

Information Criteria

          Akaike (AIC)                    7245.741
          Bayesian (BIC)                  7304.634
          Sample-Size Adjusted BIC        7266.521
            (n* = (n + 2) / 24)

Chi-Square Test of Model Fit for the Binary and Ordered Categorical
(Ordinal) Outcomes

          Pearson Chi-Square

          Value                             64.681
          Degrees of Freedom                    51
          P-Value                           0.0944

          Likelihood Ratio Chi-Square

          Value                             74.521
          Degrees of Freedom                    51
          P-Value                           0.0175



MODEL RESULTS

                                                    Two-Tailed
                    Estimate       S.E.  Est./S.E.    P-Value

 FACTOR   BY
    U1                 1.000      0.000    999.000    999.000
    U2                 1.090      0.148      7.382      0.000
    U3                -0.782      0.118     -6.607      0.000
    U4                -0.936      0.127     -7.381      0.000
    U5                 3.145      0.544      5.782      0.000
    U6                 2.704      0.426      6.353      0.000

 Thresholds
    U1$1              -0.012      0.083     -0.143      0.886
    U2$1              -0.023      0.086     -0.273      0.785
    U3$1               0.025      0.076      0.326      0.744
    U4$1               0.047      0.081      0.584      0.559
    U5$1              -0.078      0.170     -0.461      0.645
    U6$1              -0.262      0.152     -1.719      0.086

 Variances
    FACTOR             1.556      0.302      5.147      0.000


IRT PARAMETERIZATION IN TWO-PARAMETER LOGISTIC METRIC
WHERE THE LOGIT IS DISCRIMINATION*(THETA - DIFFICULTY)

 Item Discriminations

 FACTOR   BY
    U1                 1.247      0.121     10.293      0.000
    U2                 1.360      0.129     10.531      0.000
    U3                -0.976      0.105     -9.317      0.000
    U4                -1.168      0.114    -10.220      0.000
    U5                 3.924      0.560      7.009      0.000
    U6                 3.374      0.415      8.127      0.000

 Item Difficulties
    U1$1              -0.009      0.066     -0.143      0.886
    U2$1              -0.017      0.063     -0.273      0.785
    U3$1              -0.025      0.078     -0.326      0.744
    U4$1              -0.040      0.069     -0.584      0.559
    U5$1              -0.020      0.043     -0.462      0.644
    U6$1              -0.078      0.045     -1.738      0.082

 Variances
    FACTOR             1.000      0.000      0.000      1.000


QUALITY OF NUMERICAL RESULTS

     Condition Number for the Information Matrix              0.836E-02
       (ratio of smallest to largest eigenvalue)


TECHNICAL 1 OUTPUT


     PARAMETER SPECIFICATION


           TAU
              U1$1          U2$1          U3$1          U4$1          U5$1
              ________      ________      ________      ________      ________
 1                  7             8             9            10            11


           TAU
              U6$1
              ________
 1                 12


           NU
              U1            U2            U3            U4            U5
              ________      ________      ________      ________      ________
 1                  0             0             0             0             0


           NU
              U6
              ________
 1                  0


           LAMBDA
              FACTOR
              ________
 U1                 0
 U2                 1
 U3                 2
 U4                 3
 U5                 4
 U6                 5


           THETA
              U1            U2            U3            U4            U5
              ________      ________      ________      ________      ________
 U1                 0
 U2                 0             0
 U3                 0             0             0
 U4                 0             0             0             0
 U5                 0             0             0             0             0
 U6                 0             0             0             0             0


           THETA
              U6
              ________
 U6                 0


           ALPHA
              FACTOR
              ________
 1                  0


           BETA
              FACTOR
              ________
 FACTOR             0


           PSI
              FACTOR
              ________
 FACTOR             6


     STARTING VALUES


           TAU
              U1$1          U2$1          U3$1          U4$1          U5$1
              ________      ________      ________      ________      ________
 1             -0.008        -0.016         0.020         0.036        -0.024


           TAU
              U6$1
              ________
 1             -0.104


           NU
              U1            U2            U3            U4            U5
              ________      ________      ________      ________      ________
 1              0.000         0.000         0.000         0.000         0.000


           NU
              U6
              ________
 1              0.000


           LAMBDA
              FACTOR
              ________
 U1             1.000
 U2             1.000
 U3             1.000
 U4             1.000
 U5             1.000
 U6             1.000


           THETA
              U1            U2            U3            U4            U5
              ________      ________      ________      ________      ________
 U1             1.000
 U2             0.000         1.000
 U3             0.000         0.000         1.000
 U4             0.000         0.000         0.000         1.000
 U5             0.000         0.000         0.000         0.000         1.000
 U6             0.000         0.000         0.000         0.000         0.000


           THETA
              U6
              ________
 U6             1.000


           ALPHA
              FACTOR
              ________
 1              0.000


           BETA
              FACTOR
              ________
 FACTOR         0.000


           PSI
              FACTOR
              ________
 FACTOR         0.050


TECHNICAL 8 OUTPUT


   E STEP  ITER  LOGLIKELIHOOD    ABS CHANGE   REL CHANGE  ALGORITHM
              1 -0.41532200D+04    0.0000000    0.0000000  EM
              2 -0.41034079D+04   49.8120713    0.0119936  EM
              3 -0.39196448D+04  183.7631266    0.0447831  EM
              4 -0.36705591D+04  249.0857304    0.0635480  EM
              5 -0.36344106D+04   36.1484599    0.0098482  EM
              6 -0.36203509D+04   14.0597416    0.0038685  EM
              7 -0.36146838D+04    5.6670927    0.0015653  EM
              8 -0.36124149D+04    2.2688786    0.0006277  EM
              9 -0.36115116D+04    0.9033354    0.0002501  EM
             10 -0.36111468D+04    0.3647501    0.0001010  EM
             11 -0.36109947D+04    0.1520660    0.0000421  EM
             12 -0.36109288D+04    0.0659393    0.0000183  EM
             13 -0.36108990D+04    0.0298074    0.0000083  EM
             14 -0.36108849D+04    0.0140928    0.0000039  EM
             15 -0.36108779D+04    0.0069976    0.0000019  EM
             16 -0.36108743D+04    0.0036558    0.0000010  EM
             17 -0.36108722D+04    0.0020045    0.0000006  EM
             18 -0.36108711D+04    0.0011459    0.0000003  EM
             19 -0.36108704D+04    0.0006770    0.0000002  EM


SAMPLE STATISTICS FOR ESTIMATED FACTOR SCORES


     SAMPLE STATISTICS


           Means
              FACTOR        FACTOR_S
              ________      ________
 1              0.000         0.637


           Covariances
              FACTOR        FACTOR_S
              ________      ________
 FACTOR         1.137
 FACTOR_S       0.010         0.013


           Correlations
              FACTOR        FACTOR_S
              ________      ________
 FACTOR         1.000
 FACTOR_S       0.081         1.000


PLOT INFORMATION

The following plots are available:

  Histograms (sample values, estimated factor scores)
  Scatterplots (sample values, estimated factor scores)
  Sample proportions and estimated probabilities
  Item characteristic curves
  Information curves
  Latent variable distribution plots

     Beginning Time:  16:14:10
        Ending Time:  16:14:11
       Elapsed Time:  00:00:01



MUTHEN & MUTHEN
3463 Stoner Ave.
Los Angeles, CA  90066

Tel: (310) 391-9971
Fax: (310) 391-8971
Web: www.StatModel.com
Support: Support@StatModel.com

Copyright (c) 1998-2015 Muthen & Muthen
